#-----------------------------------------------------------
# Vivado v2020.2 (64-bit)
# SW Build 3064766 on Wed Nov 18 09:12:45 MST 2020
# IP Build 3064653 on Wed Nov 18 14:17:31 MST 2020
# Start of session at: Sat Mar 13 23:42:33 2021
# Process ID: 18820
# Current directory: E:/Users/Kyle/Documents/sr_proj_test/image_uart_new
# Command line: vivado.exe -gui_launcher_event rodinguilauncherevent107628 E:\Users\Kyle\Documents\sr_proj_test\image_uart_new\image_uart_new.xpr
# Log file: E:/Users/Kyle/Documents/sr_proj_test/image_uart_new/vivado.log
# Journal file: E:/Users/Kyle/Documents/sr_proj_test/image_uart_new\vivado.jou
#-----------------------------------------------------------
start_gui
open_project E:/Users/Kyle/Documents/sr_proj_test/image_uart_new/image_uart_new.xpr
WARNING: [filemgmt 56-3] Default IP Output Path : Could not find the directory 'E:/Users/Kyle/Documents/sr_proj_test/image_uart_new/image_uart_new.gen/sources_1'.
Scanning sources...
Finished scanning sources
INFO: [IP_Flow 19-234] Refreshing IP repositories
INFO: [IP_Flow 19-1704] No user IP repositories specified
INFO: [IP_Flow 19-2313] Loaded Vivado IP repository 'C:/Xilinx/Vivado/2020.2/data/ip'.
open_project: Time (s): cpu = 00:00:11 ; elapsed = 00:00:08 . Memory (MB): peak = 1005.398 ; gain = 0.000
update_compile_order -fileset sources_1
launch_simulation
Command: launch_simulation 
INFO: [Vivado 12-5698] Checking validity of IPs in the design for the 'XSim' simulator...
INFO: [Vivado 12-5682] Launching behavioral simulation in 'E:/Users/Kyle/Documents/sr_proj_test/image_uart_new/image_uart_new.sim/sim_1/behav/xsim'
INFO: [Vivado 12-4795] Using compiled simulation libraries for IPs
INFO: [SIM-utils-51] Simulation object is 'sim_1'
INFO: [USF-XSim-7] Finding pre-compiled libraries...
INFO: [USF-XSim-11] File 'C:/Xilinx/Vivado/2020.2/data/xsim/xsim.ini' copied to run dir:'E:/Users/Kyle/Documents/sr_proj_test/image_uart_new/image_uart_new.sim/sim_1/behav/xsim'
INFO: [SIM-utils-54] Inspecting design source files for 'command_tb_real' in fileset 'sim_1'...
INFO: [SIM-utils-43] Exported 'E:/Users/Kyle/Documents/sr_proj_test/image_uart_new/image_uart_new.sim/sim_1/behav/xsim/instructionlist.mif'
INFO: [SIM-utils-43] Exported 'E:/Users/Kyle/Documents/sr_proj_test/image_uart_new/image_uart_new.sim/sim_1/behav/xsim/ATcommands.coe'
INFO: [SIM-utils-43] Exported 'E:/Users/Kyle/Documents/sr_proj_test/image_uart_new/image_uart_new.sim/sim_1/behav/xsim/rom.mif'
INFO: [SIM-utils-43] Exported 'E:/Users/Kyle/Documents/sr_proj_test/image_uart_new/image_uart_new.sim/sim_1/behav/xsim/screen.coe'
INFO: [USF-XSim-97] Finding global include files...
INFO: [USF-XSim-98] Fetching design files from 'sim_1'...
INFO: [USF-XSim-2] XSim::Compile design
INFO: [USF-XSim-61] Executing 'COMPILE and ANALYZE' step in 'E:/Users/Kyle/Documents/sr_proj_test/image_uart_new/image_uart_new.sim/sim_1/behav/xsim'
"xvlog --incr --relax -prj command_tb_real_vlog.prj"
"xvhdl --incr --relax -prj command_tb_real_vhdl.prj"
INFO: [USF-XSim-69] 'compile' step finished in '2' seconds
INFO: [USF-XSim-3] XSim::Elaborate design
INFO: [USF-XSim-61] Executing 'ELABORATE' step in 'E:/Users/Kyle/Documents/sr_proj_test/image_uart_new/image_uart_new.sim/sim_1/behav/xsim'
"xelab -wto ba14f7b4c19844af91c6930d84910655 --incr --debug typical --relax --mt 2 -L xil_defaultlib -L fifo_generator_v13_2_5 -L blk_mem_gen_v8_4_4 -L unisims_ver -L unimacro_ver -L secureip -L xpm --snapshot command_tb_real_behav xil_defaultlib.command_tb_real xil_defaultlib.glbl -log elaborate.log"
Vivado Simulator 2020.2
Copyright 1986-1999, 2001-2020 Xilinx, Inc. All Rights Reserved.
Running: C:/Xilinx/Vivado/2020.2/bin/unwrapped/win64.o/xelab.exe -wto ba14f7b4c19844af91c6930d84910655 --incr --debug typical --relax --mt 2 -L xil_defaultlib -L fifo_generator_v13_2_5 -L blk_mem_gen_v8_4_4 -L unisims_ver -L unimacro_ver -L secureip -L xpm --snapshot command_tb_real_behav xil_defaultlib.command_tb_real xil_defaultlib.glbl -log elaborate.log 
Using 2 slave threads.
Starting static elaboration
Pass Through NonSizing Optimizer
Completed static elaboration
INFO: [XSIM 43-4323] No Change in HDL. Linking previously generated obj files to create kernel
INFO: [USF-XSim-69] 'elaborate' step finished in '5' seconds
INFO: [USF-XSim-4] XSim::Simulate design
INFO: [USF-XSim-61] Executing 'SIMULATE' step in 'E:/Users/Kyle/Documents/sr_proj_test/image_uart_new/image_uart_new.sim/sim_1/behav/xsim'
INFO: [USF-XSim-98] *** Running xsim
   with args "command_tb_real_behav -key {Behavioral:sim_1:Functional:command_tb_real} -tclbatch {command_tb_real.tcl} -log {simulate.log}"
INFO: [USF-XSim-8] Loading simulator feature
Vivado Simulator 2020.2
Time resolution is 1 ps
source command_tb_real.tcl
# set curr_wave [current_wave_config]
# if { [string length $curr_wave] == 0 } {
#   if { [llength [get_objects]] > 0} {
#     add_wave /
#     set_property needs_save false [current_wave_config]
#   } else {
#      send_msg_id Add_Wave-1 WARNING "No top level signals found. Simulator will start without a wave window. If you want to open a wave window go to 'File->New Waveform Configuration' or type 'create_wave_config' in the TCL console."
#   }
# }
# run 1000ns
 Block Memory Generator module loading initial data...
 Block Memory Generator data initialization complete.
Block Memory Generator module command_tb_real.UUT.image.inst.\native_mem_module.blk_mem_gen_v8_4_4_inst  is using a behavioral model for simulation which will not precisely model memory collision behavior.
WARNING: Behavioral models for independent clock FIFO configurations do not model synchronization delays. The behavioral models are functionally correct, and will represent the behavior of the configured FIFO. See the FIFO Generator User Guide for more information.
INFO: [USF-XSim-96] XSim completed. Design snapshot 'command_tb_real_behav' loaded.
INFO: [USF-XSim-97] XSim simulation ran for 1000ns
launch_simulation: Time (s): cpu = 00:00:09 ; elapsed = 00:00:13 . Memory (MB): peak = 1005.398 ; gain = 0.000
close_sim
INFO: [Simtcl 6-16] Simulation closed
exit
INFO: [Common 17-206] Exiting Vivado at Sat Mar 13 23:45:47 2021...
