#-----------------------------------------------------------
# Vivado v2020.2 (64-bit)
# SW Build 3064766 on Wed Nov 18 09:12:45 MST 2020
# IP Build 3064653 on Wed Nov 18 14:17:31 MST 2020
# Start of session at: Thu Mar 18 12:38:07 2021
# Process ID: 19836
# Current directory: E:/Users/Kyle/Documents/sr_proj_test/SDP/VHDL/Fullsystem1.2/image_uart_new
# Command line: vivado.exe -gui_launcher_event rodinguilauncherevent6172 E:\Users\Kyle\Documents\sr_proj_test\SDP\VHDL\Fullsystem1.2\image_uart_new\image_uart_new.xpr
# Log file: E:/Users/Kyle/Documents/sr_proj_test/SDP/VHDL/Fullsystem1.2/image_uart_new/vivado.log
# Journal file: E:/Users/Kyle/Documents/sr_proj_test/SDP/VHDL/Fullsystem1.2/image_uart_new\vivado.jou
#-----------------------------------------------------------
start_gui
open_project E:/Users/Kyle/Documents/sr_proj_test/SDP/VHDL/Fullsystem1.2/image_uart_new/image_uart_new.xpr
INFO: [Project 1-313] Project file moved from 'E:/Users/Kyle/Documents/sr_proj_test/SDP/VHDL/image_uart_new' since last save.
WARNING: [filemgmt 56-2] Default IP Output Path : Could not find the directory 'E:/Users/Kyle/Documents/sr_proj_test/SDP/VHDL/Fullsystem1.2/image_uart_new/image_uart_new.gen/sources_1', nor could it be found using path 'E:/Users/Kyle/Documents/sr_proj_test/SDP/VHDL/image_uart_new/image_uart_new.gen/sources_1'.
WARNING: [Project 1-312] File not found as 'E:/Users/Kyle/Documents/sr_proj_test/SDP/VHDL/Fullsystem1.2/Fullsystem1.1/source/source/twoto1mux.vhd'; using path 'E:/Users/Kyle/Documents/sr_proj_test/SDP/VHDL/Fullsystem1.1/source/source/twoto1mux.vhd' instead.
WARNING: [Project 1-312] File not found as 'E:/Users/Kyle/Documents/sr_proj_test/SDP/VHDL/Fullsystem1.2/Fullsystem1.1/source/source/mux64x1.vhd'; using path 'E:/Users/Kyle/Documents/sr_proj_test/SDP/VHDL/Fullsystem1.1/source/source/mux64x1.vhd' instead.
WARNING: [Project 1-312] File not found as 'E:/Users/Kyle/Documents/sr_proj_test/SDP/VHDL/Fullsystem1.2/Fullsystem1.1/source/source/bigcountdown.vhd'; using path 'E:/Users/Kyle/Documents/sr_proj_test/SDP/VHDL/Fullsystem1.1/source/source/bigcountdown.vhd' instead.
WARNING: [Project 1-312] File not found as 'E:/Users/Kyle/Documents/sr_proj_test/SDP/VHDL/Fullsystem1.2/Fullsystem1.1/source/source/FIFO_loader.vhd'; using path 'E:/Users/Kyle/Documents/sr_proj_test/SDP/VHDL/Fullsystem1.1/source/source/FIFO_loader.vhd' instead.
WARNING: [Project 1-312] File not found as 'E:/Users/Kyle/Documents/sr_proj_test/SDP/VHDL/Fullsystem1.2/Fullsystem1.1/source/source/baud_gen.vhd'; using path 'E:/Users/Kyle/Documents/sr_proj_test/SDP/VHDL/Fullsystem1.1/source/source/baud_gen.vhd' instead.
WARNING: [Project 1-312] File not found as 'E:/Users/Kyle/Documents/sr_proj_test/SDP/VHDL/Fullsystem1.2/Fullsystem1.1/source/source/d_ff_generic.vhd'; using path 'E:/Users/Kyle/Documents/sr_proj_test/SDP/VHDL/Fullsystem1.1/source/source/d_ff_generic.vhd' instead.
WARNING: [Project 1-312] File not found as 'E:/Users/Kyle/Documents/sr_proj_test/SDP/VHDL/Fullsystem1.2/Fullsystem1.1/source/source/fifo.vhd'; using path 'E:/Users/Kyle/Documents/sr_proj_test/SDP/VHDL/Fullsystem1.1/source/source/fifo.vhd' instead.
WARNING: [Project 1-312] File not found as 'E:/Users/Kyle/Documents/sr_proj_test/SDP/VHDL/Fullsystem1.2/Fullsystem1.1/source/source/pixel_configure.vhd'; using path 'E:/Users/Kyle/Documents/sr_proj_test/SDP/VHDL/Fullsystem1.1/source/source/pixel_configure.vhd' instead.
WARNING: [Project 1-312] File not found as 'E:/Users/Kyle/Documents/sr_proj_test/SDP/VHDL/Fullsystem1.2/Fullsystem1.1/source/source/vga_position_controller.vhd'; using path 'E:/Users/Kyle/Documents/sr_proj_test/SDP/VHDL/Fullsystem1.1/source/source/vga_position_controller.vhd' instead.
WARNING: [Project 1-312] File not found as 'E:/Users/Kyle/Documents/sr_proj_test/SDP/VHDL/Fullsystem1.2/Fullsystem1.1/source/source/vga_multiclock_wrapper.vhd'; using path 'E:/Users/Kyle/Documents/sr_proj_test/SDP/VHDL/Fullsystem1.1/source/source/vga_multiclock_wrapper.vhd' instead.
WARNING: [Project 1-312] File not found as 'E:/Users/Kyle/Documents/sr_proj_test/SDP/VHDL/Fullsystem1.2/Fullsystem1.1/source/source/uart_rx.vhd'; using path 'E:/Users/Kyle/Documents/sr_proj_test/SDP/VHDL/Fullsystem1.1/source/source/uart_rx.vhd' instead.
WARNING: [Project 1-312] File not found as 'E:/Users/Kyle/Documents/sr_proj_test/SDP/VHDL/Fullsystem1.2/Fullsystem1.1/source/source/uart_tx.vhd'; using path 'E:/Users/Kyle/Documents/sr_proj_test/SDP/VHDL/Fullsystem1.1/source/source/uart_tx.vhd' instead.
WARNING: [Project 1-312] File not found as 'E:/Users/Kyle/Documents/sr_proj_test/SDP/VHDL/Fullsystem1.2/Fullsystem1.1/source/source/uart.vhd'; using path 'E:/Users/Kyle/Documents/sr_proj_test/SDP/VHDL/Fullsystem1.1/source/source/uart.vhd' instead.
WARNING: [Project 1-312] File not found as 'E:/Users/Kyle/Documents/sr_proj_test/SDP/VHDL/Fullsystem1.2/Fullsystem1.1/source/source/system_wrapper.vhd'; using path 'E:/Users/Kyle/Documents/sr_proj_test/SDP/VHDL/Fullsystem1.1/source/source/system_wrapper.vhd' instead.
WARNING: [Project 1-312] File not found as 'E:/Users/Kyle/Documents/sr_proj_test/SDP/VHDL/Fullsystem1.2/Fullsystem1.1/source/ipcores/memory/ATcommands.coe'; using path 'E:/Users/Kyle/Documents/sr_proj_test/SDP/VHDL/Fullsystem1.1/source/ipcores/memory/ATcommands.coe' instead.
WARNING: [Project 1-312] File not found as 'E:/Users/Kyle/Documents/sr_proj_test/SDP/VHDL/Fullsystem1.2/Fullsystem1.1/source/ipcores/memory/screen.coe'; using path 'E:/Users/Kyle/Documents/sr_proj_test/SDP/VHDL/Fullsystem1.1/source/ipcores/memory/screen.coe' instead.
WARNING: [Project 1-312] File not found as 'E:/Users/Kyle/Documents/sr_proj_test/SDP/VHDL/Fullsystem1.2/Fullsystem1.1/sim/command_tb_real.vhd'; using path 'E:/Users/Kyle/Documents/sr_proj_test/SDP/VHDL/Fullsystem1.1/sim/command_tb_real.vhd' instead.
WARNING: [Project 1-312] File not found as 'E:/Users/Kyle/Documents/sr_proj_test/SDP/VHDL/Fullsystem1.2/Fullsystem1.1/source/ipcores/ipcores/transmission_system/uartloader_fifo/uartloader_fifo.xci'; using path 'E:/Users/Kyle/Documents/sr_proj_test/SDP/VHDL/Fullsystem1.1/source/ipcores/ipcores/transmission_system/uartloader_fifo/uartloader_fifo.xci' instead.
WARNING: [Project 1-312] File not found as 'E:/Users/Kyle/Documents/sr_proj_test/SDP/VHDL/Fullsystem1.2/Fullsystem1.1/source/ipcores/ipcores/transmission_system/instructionlist/instructionlist.xci'; using path 'E:/Users/Kyle/Documents/sr_proj_test/SDP/VHDL/Fullsystem1.1/source/ipcores/ipcores/transmission_system/instructionlist/instructionlist.xci' instead.
WARNING: [Project 1-312] File not found as 'E:/Users/Kyle/Documents/sr_proj_test/SDP/VHDL/Fullsystem1.2/Fullsystem1.1/source/ipcores/ipcores/vga/fifo/fifo_generator_0.xci'; using path 'E:/Users/Kyle/Documents/sr_proj_test/SDP/VHDL/Fullsystem1.1/source/ipcores/ipcores/vga/fifo/fifo_generator_0.xci' instead.
WARNING: [Project 1-312] File not found as 'E:/Users/Kyle/Documents/sr_proj_test/SDP/VHDL/Fullsystem1.2/Fullsystem1.1/source/ipcores/ipcores/vga/rom/rom.xci'; using path 'E:/Users/Kyle/Documents/sr_proj_test/SDP/VHDL/Fullsystem1.1/source/ipcores/ipcores/vga/rom/rom.xci' instead.
WARNING: [Project 1-312] File not found as 'E:/Users/Kyle/Documents/sr_proj_test/SDP/VHDL/Fullsystem1.2/Fullsystem1.1/source/ipcores/ipcores/vga/clocks/vga_clk.xci'; using path 'E:/Users/Kyle/Documents/sr_proj_test/SDP/VHDL/Fullsystem1.1/source/ipcores/ipcores/vga/clocks/vga_clk.xci' instead.
Scanning sources...
Finished scanning sources
WARNING: [Project 1-312] File not found as 'E:/Users/Kyle/Documents/sr_proj_test/SDP/VHDL/Fullsystem1.2/Fullsystem1.1/source/source/twoto1mux.vhd'; using path 'E:/Users/Kyle/Documents/sr_proj_test/SDP/VHDL/Fullsystem1.1/source/source/twoto1mux.vhd' instead.
WARNING: [Project 1-312] File not found as 'E:/Users/Kyle/Documents/sr_proj_test/SDP/VHDL/Fullsystem1.2/Fullsystem1.1/source/source/mux64x1.vhd'; using path 'E:/Users/Kyle/Documents/sr_proj_test/SDP/VHDL/Fullsystem1.1/source/source/mux64x1.vhd' instead.
WARNING: [Project 1-312] File not found as 'E:/Users/Kyle/Documents/sr_proj_test/SDP/VHDL/Fullsystem1.2/Fullsystem1.1/source/source/bigcountdown.vhd'; using path 'E:/Users/Kyle/Documents/sr_proj_test/SDP/VHDL/Fullsystem1.1/source/source/bigcountdown.vhd' instead.
WARNING: [Project 1-312] File not found as 'E:/Users/Kyle/Documents/sr_proj_test/SDP/VHDL/Fullsystem1.2/Fullsystem1.1/source/source/FIFO_loader.vhd'; using path 'E:/Users/Kyle/Documents/sr_proj_test/SDP/VHDL/Fullsystem1.1/source/source/FIFO_loader.vhd' instead.
WARNING: [Project 1-312] File not found as 'E:/Users/Kyle/Documents/sr_proj_test/SDP/VHDL/Fullsystem1.2/Fullsystem1.1/source/source/baud_gen.vhd'; using path 'E:/Users/Kyle/Documents/sr_proj_test/SDP/VHDL/Fullsystem1.1/source/source/baud_gen.vhd' instead.
WARNING: [Project 1-312] File not found as 'E:/Users/Kyle/Documents/sr_proj_test/SDP/VHDL/Fullsystem1.2/Fullsystem1.1/source/source/d_ff_generic.vhd'; using path 'E:/Users/Kyle/Documents/sr_proj_test/SDP/VHDL/Fullsystem1.1/source/source/d_ff_generic.vhd' instead.
WARNING: [Project 1-312] File not found as 'E:/Users/Kyle/Documents/sr_proj_test/SDP/VHDL/Fullsystem1.2/Fullsystem1.1/source/source/fifo.vhd'; using path 'E:/Users/Kyle/Documents/sr_proj_test/SDP/VHDL/Fullsystem1.1/source/source/fifo.vhd' instead.
WARNING: [Project 1-312] File not found as 'E:/Users/Kyle/Documents/sr_proj_test/SDP/VHDL/Fullsystem1.2/Fullsystem1.1/source/source/pixel_configure.vhd'; using path 'E:/Users/Kyle/Documents/sr_proj_test/SDP/VHDL/Fullsystem1.1/source/source/pixel_configure.vhd' instead.
WARNING: [Project 1-312] File not found as 'E:/Users/Kyle/Documents/sr_proj_test/SDP/VHDL/Fullsystem1.2/Fullsystem1.1/source/source/vga_position_controller.vhd'; using path 'E:/Users/Kyle/Documents/sr_proj_test/SDP/VHDL/Fullsystem1.1/source/source/vga_position_controller.vhd' instead.
WARNING: [Project 1-312] File not found as 'E:/Users/Kyle/Documents/sr_proj_test/SDP/VHDL/Fullsystem1.2/Fullsystem1.1/source/source/vga_multiclock_wrapper.vhd'; using path 'E:/Users/Kyle/Documents/sr_proj_test/SDP/VHDL/Fullsystem1.1/source/source/vga_multiclock_wrapper.vhd' instead.
WARNING: [Project 1-312] File not found as 'E:/Users/Kyle/Documents/sr_proj_test/SDP/VHDL/Fullsystem1.2/Fullsystem1.1/source/source/uart_rx.vhd'; using path 'E:/Users/Kyle/Documents/sr_proj_test/SDP/VHDL/Fullsystem1.1/source/source/uart_rx.vhd' instead.
WARNING: [Project 1-312] File not found as 'E:/Users/Kyle/Documents/sr_proj_test/SDP/VHDL/Fullsystem1.2/Fullsystem1.1/source/source/uart_tx.vhd'; using path 'E:/Users/Kyle/Documents/sr_proj_test/SDP/VHDL/Fullsystem1.1/source/source/uart_tx.vhd' instead.
WARNING: [Project 1-312] File not found as 'E:/Users/Kyle/Documents/sr_proj_test/SDP/VHDL/Fullsystem1.2/Fullsystem1.1/source/source/uart.vhd'; using path 'E:/Users/Kyle/Documents/sr_proj_test/SDP/VHDL/Fullsystem1.1/source/source/uart.vhd' instead.
WARNING: [Project 1-312] File not found as 'E:/Users/Kyle/Documents/sr_proj_test/SDP/VHDL/Fullsystem1.2/Fullsystem1.1/source/source/system_wrapper.vhd'; using path 'E:/Users/Kyle/Documents/sr_proj_test/SDP/VHDL/Fullsystem1.1/source/source/system_wrapper.vhd' instead.
WARNING: [Project 1-312] File not found as 'E:/Users/Kyle/Documents/sr_proj_test/SDP/VHDL/Fullsystem1.2/Fullsystem1.1/source/ipcores/memory/ATcommands.coe'; using path 'E:/Users/Kyle/Documents/sr_proj_test/SDP/VHDL/Fullsystem1.1/source/ipcores/memory/ATcommands.coe' instead.
WARNING: [Project 1-312] File not found as 'E:/Users/Kyle/Documents/sr_proj_test/SDP/VHDL/Fullsystem1.2/Fullsystem1.1/source/ipcores/memory/screen.coe'; using path 'E:/Users/Kyle/Documents/sr_proj_test/SDP/VHDL/Fullsystem1.1/source/ipcores/memory/screen.coe' instead.
WARNING: [Project 1-312] File not found as 'E:/Users/Kyle/Documents/sr_proj_test/SDP/VHDL/Fullsystem1.2/Fullsystem1.1/source/ipcores/ipcores/transmission_system/uartloader_fifo/uartloader_fifo.xci'; using path 'E:/Users/Kyle/Documents/sr_proj_test/SDP/VHDL/Fullsystem1.1/source/ipcores/ipcores/transmission_system/uartloader_fifo/uartloader_fifo.xci' instead.
WARNING: [Project 1-312] File not found as 'E:/Users/Kyle/Documents/sr_proj_test/SDP/VHDL/Fullsystem1.2/Fullsystem1.1/source/ipcores/ipcores/transmission_system/uartloader_fifo/uartloader_fifo.xci'; using path 'E:/Users/Kyle/Documents/sr_proj_test/SDP/VHDL/Fullsystem1.1/source/ipcores/ipcores/transmission_system/uartloader_fifo/uartloader_fifo.xci' instead.
WARNING: [Project 1-312] File not found as 'E:/Users/Kyle/Documents/sr_proj_test/SDP/VHDL/Fullsystem1.2/Fullsystem1.1/source/ipcores/ipcores/transmission_system/instructionlist/instructionlist.xci'; using path 'E:/Users/Kyle/Documents/sr_proj_test/SDP/VHDL/Fullsystem1.1/source/ipcores/ipcores/transmission_system/instructionlist/instructionlist.xci' instead.
WARNING: [Project 1-312] File not found as 'E:/Users/Kyle/Documents/sr_proj_test/SDP/VHDL/Fullsystem1.2/Fullsystem1.1/source/ipcores/ipcores/transmission_system/instructionlist/instructionlist.xci'; using path 'E:/Users/Kyle/Documents/sr_proj_test/SDP/VHDL/Fullsystem1.1/source/ipcores/ipcores/transmission_system/instructionlist/instructionlist.xci' instead.
WARNING: [Project 1-312] File not found as 'E:/Users/Kyle/Documents/sr_proj_test/SDP/VHDL/Fullsystem1.2/Fullsystem1.1/source/ipcores/ipcores/vga/fifo/fifo_generator_0.xci'; using path 'E:/Users/Kyle/Documents/sr_proj_test/SDP/VHDL/Fullsystem1.1/source/ipcores/ipcores/vga/fifo/fifo_generator_0.xci' instead.
WARNING: [Project 1-312] File not found as 'E:/Users/Kyle/Documents/sr_proj_test/SDP/VHDL/Fullsystem1.2/Fullsystem1.1/source/ipcores/ipcores/vga/fifo/fifo_generator_0.xci'; using path 'E:/Users/Kyle/Documents/sr_proj_test/SDP/VHDL/Fullsystem1.1/source/ipcores/ipcores/vga/fifo/fifo_generator_0.xci' instead.
WARNING: [Project 1-312] File not found as 'E:/Users/Kyle/Documents/sr_proj_test/SDP/VHDL/Fullsystem1.2/Fullsystem1.1/source/ipcores/ipcores/vga/rom/rom.xci'; using path 'E:/Users/Kyle/Documents/sr_proj_test/SDP/VHDL/Fullsystem1.1/source/ipcores/ipcores/vga/rom/rom.xci' instead.
WARNING: [Project 1-312] File not found as 'E:/Users/Kyle/Documents/sr_proj_test/SDP/VHDL/Fullsystem1.2/Fullsystem1.1/source/ipcores/ipcores/vga/rom/rom.xci'; using path 'E:/Users/Kyle/Documents/sr_proj_test/SDP/VHDL/Fullsystem1.1/source/ipcores/ipcores/vga/rom/rom.xci' instead.
WARNING: [Project 1-312] File not found as 'E:/Users/Kyle/Documents/sr_proj_test/SDP/VHDL/Fullsystem1.2/Fullsystem1.1/source/ipcores/ipcores/vga/clocks/vga_clk.xci'; using path 'E:/Users/Kyle/Documents/sr_proj_test/SDP/VHDL/Fullsystem1.1/source/ipcores/ipcores/vga/clocks/vga_clk.xci' instead.
WARNING: [Project 1-312] File not found as 'E:/Users/Kyle/Documents/sr_proj_test/SDP/VHDL/Fullsystem1.2/Fullsystem1.1/source/ipcores/ipcores/vga/clocks/vga_clk.xci'; using path 'E:/Users/Kyle/Documents/sr_proj_test/SDP/VHDL/Fullsystem1.1/source/ipcores/ipcores/vga/clocks/vga_clk.xci' instead.
INFO: [IP_Flow 19-234] Refreshing IP repositories
INFO: [IP_Flow 19-1704] No user IP repositories specified
INFO: [IP_Flow 19-2313] Loaded Vivado IP repository 'C:/Xilinx/Vivado/2020.2/data/ip'.
update_compile_order -fileset sources_1
exit
INFO: [Common 17-206] Exiting Vivado at Thu Mar 18 12:45:05 2021...
